d:\___coding___\projects\project5\project7\gf\x64\release\vc143.pdb
d:\___coding___\projects\project5\project7\gf\x64\release\.netframework,version=v4.7.2.assemblyattributes.obj
d:\___coding___\projects\project5\project7\gf\x64\release\simplebuilding.obj
d:\___coding___\projects\project5\project7\gf\x64\release\simple.obj
d:\___coding___\projects\project5\project7\gf\x64\release\myform.obj
d:\___coding___\projects\project5\project7\gf\x64\release\extendedbuilding.obj
d:\___coding___\projects\project5\project7\gf\x64\release\extended.obj
d:\___coding___\projects\project5\project7\gf\x64\release\actionsimple.obj
d:\___coding___\projects\project5\project7\gf\x64\release\actionextended.obj
d:\___coding___\projects\project5\project7\gf\x64\release\goloisfield.exe
d:\___coding___\projects\project5\project7\gf\x64\release\goloisfield.pdb
d:\___coding___\projects\project5\project7\gf\x64\release\goloisfield.exe.metagen
d:\___coding___\projects\project5\project7\gf\x64\release\goloisfield.tlog\cl.command.1.tlog
d:\___coding___\projects\project5\project7\gf\x64\release\goloisfield.tlog\cl.read.1.tlog
d:\___coding___\projects\project5\project7\gf\x64\release\goloisfield.tlog\cl.write.1.tlog
d:\___coding___\projects\project5\project7\gf\x64\release\goloisfield.tlog\link.command.1.tlog
d:\___coding___\projects\project5\project7\gf\x64\release\goloisfield.tlog\link.read.1.tlog
d:\___coding___\projects\project5\project7\gf\x64\release\goloisfield.tlog\link.write.1.tlog
d:\___coding___\projects\project5\project7\gf\x64\release\goloisfield.tlog\metagen.read.1.tlog
d:\___coding___\projects\project5\project7\gf\x64\release\goloisfield.tlog\metagen.write.1.tlog
